<?xml version="1.0" encoding="UTF-8"?>
<!-- Generated by org.testng.reporters.JUnitXMLReporter -->
<testsuite ignored="0" hostname="DESKTOP-GSS5CVG" failures="0" tests="5" name="ChromeTest" time="73.363" errors="0" timestamp="2024-09-06T10:28:57 IST">
  <testcase classname="testscripts.PasswordResetPageTest" name="verifyPasswordResetWithInvalidEmail" time="2.814"/>
  <testcase classname="testscripts.PasswordResetPageTest" name="verifyPasswordResetWithValidEmail" time="2.286"/>
  <testcase classname="testscripts.HomePageTest" name="verifyUserLoginDate" time="3.39"/>
  <testcase classname="testscripts.AddUserPageTest" name="verifyLoginWithNewlyAddedUser" time="13.398"/>
  <testcase classname="testscripts.AddUserPageTest" name="verifyUserCreation" time="9.541"/>
</testsuite> <!-- ChromeTest -->
