<?xml version="1.0" encoding="UTF-8"?>
<!-- Generated by org.testng.reporters.JUnitXMLReporter -->
<testsuite ignored="0" hostname="DESKTOP-GSS5CVG" failures="0" tests="4" name="EdgeTest" time="44.359" errors="0" timestamp="2024-09-06T10:29:42 IST">
  <testcase classname="testscripts.LoginPageTest" name="verifyErrorMessageWhileLoginWithInvalidCredentials" time="1.319"/>
  <testcase classname="testscripts.LoginPageTest" name="verifyErrorMessageWhileLoginWithInvalidCredentials" time="1.515"/>
  <testcase classname="testscripts.LoginPageTest" name="verifyErrorMessageWhileLoginWithInvalidCredentials" time="1.157"/>
  <testcase classname="testscripts.LoginPageTest" name="verifyLoginWithValidCredentials" time="3.605"/>
</testsuite> <!-- EdgeTest -->
