<?xml version="1.0" encoding="UTF-8"?>
<!-- Generated by org.testng.reporters.JUnitXMLReporter -->
<testsuite ignored="0" hostname="DESKTOP-GSS5CVG" failures="0" tests="5" name="LoginPageAndHomePageTest" time="0.349" errors="0" timestamp="2024-09-10T19:40:33 IST">
  <testcase classname="testscripts.LoginPageTest" name="verifyErrorMessageWhileLoginWithInvalidCredentials" time="0.0">
    <skipped/>
  </testcase> <!-- verifyErrorMessageWhileLoginWithInvalidCredentials -->
  <testcase classname="testscripts.LoginPageTest" name="verifyErrorMessageWhileLoginWithInvalidCredentials" time="0.0">
    <skipped/>
  </testcase> <!-- verifyErrorMessageWhileLoginWithInvalidCredentials -->
  <testcase classname="testscripts.LoginPageTest" name="verifyErrorMessageWhileLoginWithInvalidCredentials" time="0.0">
    <skipped/>
  </testcase> <!-- verifyErrorMessageWhileLoginWithInvalidCredentials -->
  <testcase classname="testscripts.LoginPageTest" name="verifyLoginWithValidCredentials" time="0.0">
    <skipped/>
  </testcase> <!-- verifyLoginWithValidCredentials -->
  <testcase classname="testscripts.HomePageTest" name="verifyUserLoginDate" time="0.0">
    <skipped/>
  </testcase> <!-- verifyUserLoginDate -->
</testsuite> <!-- LoginPageAndHomePageTest -->
