<?xml version="1.0" encoding="UTF-8"?>
<!-- Generated by org.testng.reporters.JUnitXMLReporter -->
<testsuite ignored="0" hostname="DESKTOP-GSS5CVG" failures="0" tests="4" name="LoginPageTest" time="62.27" errors="0" timestamp="2024-09-06T11:32:29 IST">
  <testcase classname="testscripts.LoginPageTest" name="verifyErrorMessageWhileLoginWithInvalidCredentials" time="3.425"/>
  <testcase classname="testscripts.LoginPageTest" name="verifyErrorMessageWhileLoginWithInvalidCredentials" time="1.423"/>
  <testcase classname="testscripts.LoginPageTest" name="verifyErrorMessageWhileLoginWithInvalidCredentials" time="1.444"/>
  <testcase classname="testscripts.LoginPageTest" name="verifyLoginWithValidCredentials" time="8.635"/>
</testsuite> <!-- LoginPageTest -->
