<?xml version="1.0" encoding="UTF-8"?>
<!-- Generated by org.testng.reporters.JUnitXMLReporter -->
<testsuite ignored="0" hostname="DESKTOP-GSS5CVG" failures="0" tests="5" name="LoginPageAndHomePageTest" time="92.158" errors="0" timestamp="2024-09-10T20:11:11 IST">
  <testcase classname="testscripts.LoginPageTest" name="verifyErrorMessageWhileLoginWithInvalidCredentials" time="1.974"/>
  <testcase classname="testscripts.LoginPageTest" name="verifyErrorMessageWhileLoginWithInvalidCredentials" time="1.296"/>
  <testcase classname="testscripts.LoginPageTest" name="verifyErrorMessageWhileLoginWithInvalidCredentials" time="1.54"/>
  <testcase classname="testscripts.LoginPageTest" name="verifyLoginWithValidCredentials" time="9.338"/>
  <testcase classname="testscripts.HomePageTest" name="verifyUserLoginDate" time="3.201"/>
</testsuite> <!-- LoginPageAndHomePageTest -->
