<?xml version="1.0" encoding="UTF-8"?>
<!-- Generated by org.testng.reporters.JUnitXMLReporter -->
<testsuite ignored="0" hostname="DESKTOP-GSS5CVG" failures="0" tests="5" name="PasswordResetPageTest" time="0.672" errors="0" timestamp="2024-09-10T19:44:47 IST">
  <testcase classname="testscripts.PasswordResetPageTest" name="verifyPasswordResetWithInvalidEmail" time="0.0">
    <skipped/>
  </testcase> <!-- verifyPasswordResetWithInvalidEmail -->
  <testcase classname="testscripts.PasswordResetPageTest" name="verifyPasswordResetWithValidEmail" time="0.001">
    <skipped/>
  </testcase> <!-- verifyPasswordResetWithValidEmail -->
  <testcase classname="testscripts.AddUserPageTest" name="verifyLoginWithNewlyAddedUser" time="0.0">
    <skipped/>
  </testcase> <!-- verifyLoginWithNewlyAddedUser -->
  <testcase classname="testscripts.AddUserPageTest" name="verifyUserCreation" time="0.001">
    <skipped/>
  </testcase> <!-- verifyUserCreation -->
  <testcase classname="testscripts.UserProfilePageTest" name="verifyUserProfileTest" time="0.0">
    <skipped/>
  </testcase> <!-- verifyUserProfileTest -->
</testsuite> <!-- PasswordResetPageTest -->
