<?xml version="1.0" encoding="UTF-8"?>
<!-- Generated by org.testng.reporters.JUnitXMLReporter -->
<testsuite ignored="0" hostname="DESKTOP-GSS5CVG" failures="0" tests="5" name="PasswordResetPageTest" time="93.296" errors="0" timestamp="2024-09-06T11:33:00 IST">
  <testcase classname="testscripts.PasswordResetPageTest" name="verifyPasswordResetWithInvalidEmail" time="2.994"/>
  <testcase classname="testscripts.PasswordResetPageTest" name="verifyPasswordResetWithValidEmail" time="4.061"/>
  <testcase classname="testscripts.AddUserPageTest" name="verifyLoginWithNewlyAddedUser" time="19.263"/>
  <testcase classname="testscripts.AddUserPageTest" name="verifyUserCreation" time="8.863"/>
  <testcase classname="testscripts.UserProfilePageTest" name="verifyUserProfileTest" time="7.541"/>
</testsuite> <!-- PasswordResetPageTest -->
