<?xml version="1.0" encoding="UTF-8"?>
<!-- Generated by org.testng.reporters.JUnitXMLReporter -->
<testsuite ignored="1" hostname="DESKTOP-GSS5CVG" failures="0" tests="9" name="Test" time="237.754" errors="0" timestamp="2024-09-10T19:52:59 IST">
  <testcase classname="testscripts.HomePageTest" name="verifyUserLoginDate" time="13.256"/>
  <testcase classname="testscripts.LoginPageTest" name="verifyLoginWithValidCredentials" time="3.822"/>
  <testcase classname="testscripts.UserPageTest" name="verifyEditUserDetails" time="17.82"/>
  <testcase classname="testscripts.UserPageTest" name="verifyViewUserDetails" time="12.693"/>
  <testcase classname="testscripts.AddUserPageTest" name="verifyLoginWithNewlyAddedUser" time="15.44"/>
  <testcase classname="testscripts.AddUserPageTest" name="verifyUserCreation" time="10.647"/>
  <testcase classname="testscripts.UserProfilePageTest" name="verifyUserProfileTest" time="8.572"/>
  <testcase classname="testscripts.PasswordResetPageTest" name="verifyPasswordResetWithInvalidEmail" time="2.339"/>
  <testcase classname="testscripts.PasswordResetPageTest" name="verifyPasswordResetWithValidEmail" time="10.063"/>
  <testcase classname="testscripts.LoginPageTest" name="verifyErrorMessageWhileLoginWithInvalidCredentials" time="0.0">
    <ignored/>
  </testcase> <!-- verifyErrorMessageWhileLoginWithInvalidCredentials -->
</testsuite> <!-- Test -->
