<?xml version="1.0" encoding="UTF-8"?>
<!-- Generated by org.testng.reporters.JUnitXMLReporter -->
<testsuite ignored="0" hostname="DESKTOP-GSS5CVG" failures="0" tests="5" name="testng" time="69.43" errors="0" timestamp="2024-09-06T11:37:51 IST">
  <testcase classname="testscripts.LoginPageTest" name="verifyErrorMessageWhileLoginWithInvalidCredentials" time="2.386"/>
  <testcase classname="testscripts.LoginPageTest" name="verifyErrorMessageWhileLoginWithInvalidCredentials" time="1.63"/>
  <testcase classname="testscripts.LoginPageTest" name="verifyErrorMessageWhileLoginWithInvalidCredentials" time="1.273"/>
  <testcase classname="testscripts.LoginPageTest" name="verifyLoginWithValidCredentials" time="3.808"/>
  <testcase classname="testscripts.HomePageTest" name="verifyUserLoginDate" time="3.745"/>
</testsuite> <!-- testng -->
