<?xml version="1.0" encoding="UTF-8"?>
<!-- Generated by org.testng.reporters.JUnitXMLReporter -->
<testsuite ignored="0" hostname="DESKTOP-GSS5CVG" failures="0" tests="3" name="UserTest" time="58.382" errors="0" timestamp="2024-09-06T11:23:07 IST">
  <testcase classname="testscripts.AddUserPageTest" name="verifyLoginWithNewlyAddedUser" time="14.084"/>
  <testcase classname="testscripts.AddUserPageTest" name="verifyUserCreation" time="9.046"/>
  <testcase classname="testscripts.UserProfilePageTest" name="verifyUserProfileTest" time="7.459"/>
</testsuite> <!-- UserTest -->
