<?xml version="1.0" encoding="UTF-8"?>
<testng-results ignored="0" total="10" passed="10" failed="0" skipped="0">
  <reporter-output>
  </reporter-output>
  <suite started-at="2024-09-09T11:53:28 IST" name="Suite" finished-at="2024-09-09T11:55:55 IST" duration-ms="146776">
    <groups>
      <group name="Regression">
        <method signature="PasswordResetPageTest.verifyPasswordResetWithInvalidEmail()[pri:0, instance:testscripts.PasswordResetPageTest@11d8ae8b]" name="verifyPasswordResetWithInvalidEmail" class="testscripts.PasswordResetPageTest"/>
        <method signature="PasswordResetPageTest.verifyPasswordResetWithValidEmail()[pri:0, instance:testscripts.PasswordResetPageTest@11d8ae8b]" name="verifyPasswordResetWithValidEmail" class="testscripts.PasswordResetPageTest"/>
        <method signature="LoginPageTest.verifyLoginWithValidCredentials()[pri:0, instance:testscripts.LoginPageTest@30c8681]" name="verifyLoginWithValidCredentials" class="testscripts.LoginPageTest"/>
        <method signature="AddUserPageTest.verifyLoginWithNewlyAddedUser()[pri:0, instance:testscripts.AddUserPageTest@df6620a]" name="verifyLoginWithNewlyAddedUser" class="testscripts.AddUserPageTest"/>
        <method signature="AddUserPageTest.verifyUserCreation()[pri:0, instance:testscripts.AddUserPageTest@df6620a]" name="verifyUserCreation" class="testscripts.AddUserPageTest"/>
        <method signature="UserProfilePageTest.verifyUserProfileTest()[pri:0, instance:testscripts.UserProfilePageTest@4e31276e]" name="verifyUserProfileTest" class="testscripts.UserProfilePageTest"/>
      </group> <!-- Regression -->
      <group name="Smoke">
        <method signature="HomePageTest.verifyUserLoginDate()[pri:0, instance:testscripts.HomePageTest@5cdec700]" name="verifyUserLoginDate" class="testscripts.HomePageTest"/>
        <method signature="LoginPageTest.verifyLoginWithValidCredentials()[pri:0, instance:testscripts.LoginPageTest@30c8681]" name="verifyLoginWithValidCredentials" class="testscripts.LoginPageTest"/>
        <method signature="AddUserPageTest.verifyUserCreation()[pri:0, instance:testscripts.AddUserPageTest@df6620a]" name="verifyUserCreation" class="testscripts.AddUserPageTest"/>
      </group> <!-- Smoke -->
    </groups>
    <test started-at="2024-09-09T11:53:28 IST" name="PasswordResetTest" finished-at="2024-09-09T11:53:57 IST" duration-ms="28677">
      <class name="testscripts.PasswordResetPageTest">
        <test-method is-config="true" signature="browserLaunch()[pri:0, instance:testscripts.PasswordResetPageTest@11d8ae8b]" started-at="2024-09-09T11:53:28 IST" name="browserLaunch" finished-at="2024-09-09T11:53:41 IST" duration-ms="13358" status="PASS">
          <reporter-output>
          </reporter-output>
        </test-method> <!-- browserLaunch -->
        <test-method signature="verifyPasswordResetWithInvalidEmail()[pri:0, instance:testscripts.PasswordResetPageTest@11d8ae8b]" started-at="2024-09-09T11:53:41 IST" name="verifyPasswordResetWithInvalidEmail" finished-at="2024-09-09T11:53:45 IST" duration-ms="3669" status="PASS">
          <reporter-output>
          </reporter-output>
        </test-method> <!-- verifyPasswordResetWithInvalidEmail -->
        <test-method is-config="true" signature="closeBrowser(org.testng.ITestResult)[pri:0, instance:testscripts.PasswordResetPageTest@11d8ae8b]" started-at="2024-09-09T11:53:45 IST" name="closeBrowser" finished-at="2024-09-09T11:53:45 IST" duration-ms="217" status="PASS">
          <params>
            <param index="0">
              <value>
                <![CDATA[[TestResult name=verifyPasswordResetWithInvalidEmail status=SUCCESS method=PasswordResetPageTest.verifyPasswordResetWithInvalidEmail()[pri:0, instance:testscripts.PasswordResetPageTest@11d8ae8b] output={null}]]]>
              </value>
            </param>
          </params>
          <reporter-output>
          </reporter-output>
        </test-method> <!-- closeBrowser -->
        <test-method is-config="true" signature="browserLaunch()[pri:0, instance:testscripts.PasswordResetPageTest@11d8ae8b]" started-at="2024-09-09T11:53:45 IST" name="browserLaunch" finished-at="2024-09-09T11:53:54 IST" duration-ms="8515" status="PASS">
          <reporter-output>
          </reporter-output>
        </test-method> <!-- browserLaunch -->
        <test-method signature="verifyPasswordResetWithValidEmail()[pri:0, instance:testscripts.PasswordResetPageTest@11d8ae8b]" started-at="2024-09-09T11:53:54 IST" name="verifyPasswordResetWithValidEmail" finished-at="2024-09-09T11:53:57 IST" duration-ms="2645" status="PASS">
          <reporter-output>
          </reporter-output>
        </test-method> <!-- verifyPasswordResetWithValidEmail -->
        <test-method is-config="true" signature="closeBrowser(org.testng.ITestResult)[pri:0, instance:testscripts.PasswordResetPageTest@11d8ae8b]" started-at="2024-09-09T11:53:57 IST" name="closeBrowser" finished-at="2024-09-09T11:53:57 IST" duration-ms="148" status="PASS">
          <params>
            <param index="0">
              <value>
                <![CDATA[[TestResult name=verifyPasswordResetWithValidEmail status=SUCCESS method=PasswordResetPageTest.verifyPasswordResetWithValidEmail()[pri:0, instance:testscripts.PasswordResetPageTest@11d8ae8b] output={null}]]]>
              </value>
            </param>
          </params>
          <reporter-output>
          </reporter-output>
        </test-method> <!-- closeBrowser -->
      </class> <!-- testscripts.PasswordResetPageTest -->
    </test> <!-- PasswordResetTest -->
    <test started-at="2024-09-09T11:53:57 IST" name="LoginPageAndHomePageTest" finished-at="2024-09-09T11:54:57 IST" duration-ms="59628">
      <class name="testscripts.LoginPageTest">
        <test-method is-config="true" signature="browserLaunch()[pri:0, instance:testscripts.LoginPageTest@30c8681]" started-at="2024-09-09T11:53:57 IST" name="browserLaunch" finished-at="2024-09-09T11:54:08 IST" duration-ms="10219" status="PASS">
          <reporter-output>
          </reporter-output>
        </test-method> <!-- browserLaunch -->
        <test-method signature="verifyErrorMessageWhileLoginWithInvalidCredentials(java.lang.String,java.lang.String)[pri:0, instance:testscripts.LoginPageTest@30c8681]" started-at="2024-09-09T11:54:08 IST" name="verifyErrorMessageWhileLoginWithInvalidCredentials" data-provider="InvalidUserCredentials" finished-at="2024-09-09T11:54:09 IST" duration-ms="1340" status="PASS">
          <params>
            <param index="0">
              <value>
                <![CDATA[admin]]>
              </value>
            </param>
            <param index="1">
              <value>
                <![CDATA[555]]>
              </value>
            </param>
          </params>
          <reporter-output>
          </reporter-output>
        </test-method> <!-- verifyErrorMessageWhileLoginWithInvalidCredentials -->
        <test-method is-config="true" signature="closeBrowser(org.testng.ITestResult)[pri:0, instance:testscripts.LoginPageTest@30c8681]" started-at="2024-09-09T11:54:09 IST" name="closeBrowser" finished-at="2024-09-09T11:54:09 IST" duration-ms="198" status="PASS">
          <params>
            <param index="0">
              <value>
                <![CDATA[[TestResult name=verifyErrorMessageWhileLoginWithInvalidCredentials status=SUCCESS method=LoginPageTest.verifyErrorMessageWhileLoginWithInvalidCredentials(java.lang.String,java.lang.String)[pri:0, instance:testscripts.LoginPageTest@30c8681] output={null}]]]>
              </value>
            </param>
          </params>
          <reporter-output>
          </reporter-output>
        </test-method> <!-- closeBrowser -->
        <test-method is-config="true" signature="browserLaunch()[pri:0, instance:testscripts.LoginPageTest@30c8681]" started-at="2024-09-09T11:54:09 IST" name="browserLaunch" finished-at="2024-09-09T11:54:18 IST" duration-ms="8926" status="PASS">
          <reporter-output>
          </reporter-output>
        </test-method> <!-- browserLaunch -->
        <test-method signature="verifyErrorMessageWhileLoginWithInvalidCredentials(java.lang.String,java.lang.String)[pri:0, instance:testscripts.LoginPageTest@30c8681]" started-at="2024-09-09T11:54:18 IST" name="verifyErrorMessageWhileLoginWithInvalidCredentials" data-provider="InvalidUserCredentials" finished-at="2024-09-09T11:54:20 IST" duration-ms="1657" status="PASS">
          <params>
            <param index="0">
              <value>
                <![CDATA[test]]>
              </value>
            </param>
            <param index="1">
              <value>
                <![CDATA[123456]]>
              </value>
            </param>
          </params>
          <reporter-output>
          </reporter-output>
        </test-method> <!-- verifyErrorMessageWhileLoginWithInvalidCredentials -->
        <test-method is-config="true" signature="closeBrowser(org.testng.ITestResult)[pri:0, instance:testscripts.LoginPageTest@30c8681]" started-at="2024-09-09T11:54:20 IST" name="closeBrowser" finished-at="2024-09-09T11:54:20 IST" duration-ms="171" status="PASS">
          <params>
            <param index="0">
              <value>
                <![CDATA[[TestResult name=verifyErrorMessageWhileLoginWithInvalidCredentials status=SUCCESS method=LoginPageTest.verifyErrorMessageWhileLoginWithInvalidCredentials(java.lang.String,java.lang.String)[pri:0, instance:testscripts.LoginPageTest@30c8681] output={null}]]]>
              </value>
            </param>
          </params>
          <reporter-output>
          </reporter-output>
        </test-method> <!-- closeBrowser -->
        <test-method is-config="true" signature="browserLaunch()[pri:0, instance:testscripts.LoginPageTest@30c8681]" started-at="2024-09-09T11:54:20 IST" name="browserLaunch" finished-at="2024-09-09T11:54:31 IST" duration-ms="11196" status="PASS">
          <reporter-output>
          </reporter-output>
        </test-method> <!-- browserLaunch -->
        <test-method signature="verifyErrorMessageWhileLoginWithInvalidCredentials(java.lang.String,java.lang.String)[pri:0, instance:testscripts.LoginPageTest@30c8681]" started-at="2024-09-09T11:54:31 IST" name="verifyErrorMessageWhileLoginWithInvalidCredentials" data-provider="InvalidUserCredentials" finished-at="2024-09-09T11:54:32 IST" duration-ms="1211" status="PASS">
          <params>
            <param index="0">
              <value>
                <![CDATA[test]]>
              </value>
            </param>
            <param index="1">
              <value>
                <![CDATA[555]]>
              </value>
            </param>
          </params>
          <reporter-output>
          </reporter-output>
        </test-method> <!-- verifyErrorMessageWhileLoginWithInvalidCredentials -->
        <test-method is-config="true" signature="closeBrowser(org.testng.ITestResult)[pri:0, instance:testscripts.LoginPageTest@30c8681]" started-at="2024-09-09T11:54:32 IST" name="closeBrowser" finished-at="2024-09-09T11:54:32 IST" duration-ms="185" status="PASS">
          <params>
            <param index="0">
              <value>
                <![CDATA[[TestResult name=verifyErrorMessageWhileLoginWithInvalidCredentials status=SUCCESS method=LoginPageTest.verifyErrorMessageWhileLoginWithInvalidCredentials(java.lang.String,java.lang.String)[pri:0, instance:testscripts.LoginPageTest@30c8681] output={null}]]]>
              </value>
            </param>
          </params>
          <reporter-output>
          </reporter-output>
        </test-method> <!-- closeBrowser -->
        <test-method is-config="true" signature="browserLaunch()[pri:0, instance:testscripts.LoginPageTest@30c8681]" started-at="2024-09-09T11:54:32 IST" name="browserLaunch" finished-at="2024-09-09T11:54:41 IST" duration-ms="8184" status="PASS">
          <reporter-output>
          </reporter-output>
        </test-method> <!-- browserLaunch -->
        <test-method signature="verifyLoginWithValidCredentials()[pri:0, instance:testscripts.LoginPageTest@30c8681]" started-at="2024-09-09T11:54:41 IST" name="verifyLoginWithValidCredentials" finished-at="2024-09-09T11:54:44 IST" duration-ms="3101" status="PASS">
          <reporter-output>
          </reporter-output>
        </test-method> <!-- verifyLoginWithValidCredentials -->
        <test-method is-config="true" signature="closeBrowser(org.testng.ITestResult)[pri:0, instance:testscripts.LoginPageTest@30c8681]" started-at="2024-09-09T11:54:44 IST" name="closeBrowser" finished-at="2024-09-09T11:54:44 IST" duration-ms="173" status="PASS">
          <params>
            <param index="0">
              <value>
                <![CDATA[[TestResult name=verifyLoginWithValidCredentials status=SUCCESS method=LoginPageTest.verifyLoginWithValidCredentials()[pri:0, instance:testscripts.LoginPageTest@30c8681] output={null}]]]>
              </value>
            </param>
          </params>
          <reporter-output>
          </reporter-output>
        </test-method> <!-- closeBrowser -->
      </class> <!-- testscripts.LoginPageTest -->
      <class name="testscripts.HomePageTest">
        <test-method is-config="true" signature="browserLaunch()[pri:0, instance:testscripts.HomePageTest@5cdec700]" started-at="2024-09-09T11:54:44 IST" name="browserLaunch" finished-at="2024-09-09T11:54:47 IST" duration-ms="3009" status="PASS">
          <reporter-output>
          </reporter-output>
        </test-method> <!-- browserLaunch -->
        <test-method signature="verifyUserLoginDate()[pri:0, instance:testscripts.HomePageTest@5cdec700]" started-at="2024-09-09T11:54:47 IST" name="verifyUserLoginDate" finished-at="2024-09-09T11:54:57 IST" duration-ms="9789" status="PASS">
          <reporter-output>
          </reporter-output>
        </test-method> <!-- verifyUserLoginDate -->
        <test-method is-config="true" signature="closeBrowser(org.testng.ITestResult)[pri:0, instance:testscripts.HomePageTest@5cdec700]" started-at="2024-09-09T11:54:57 IST" name="closeBrowser" finished-at="2024-09-09T11:54:57 IST" duration-ms="217" status="PASS">
          <params>
            <param index="0">
              <value>
                <![CDATA[[TestResult name=verifyUserLoginDate status=SUCCESS method=HomePageTest.verifyUserLoginDate()[pri:0, instance:testscripts.HomePageTest@5cdec700] output={null}]]]>
              </value>
            </param>
          </params>
          <reporter-output>
          </reporter-output>
        </test-method> <!-- closeBrowser -->
      </class> <!-- testscripts.HomePageTest -->
    </test> <!-- LoginPageAndHomePageTest -->
    <test started-at="2024-09-09T11:54:57 IST" name="UserTest" finished-at="2024-09-09T11:55:55 IST" duration-ms="57666">
      <class name="testscripts.UserProfilePageTest">
        <test-method is-config="true" signature="browserLaunch()[pri:0, instance:testscripts.UserProfilePageTest@4e31276e]" started-at="2024-09-09T11:55:41 IST" name="browserLaunch" finished-at="2024-09-09T11:55:47 IST" duration-ms="6173" status="PASS">
          <reporter-output>
          </reporter-output>
        </test-method> <!-- browserLaunch -->
        <test-method signature="verifyUserProfileTest()[pri:0, instance:testscripts.UserProfilePageTest@4e31276e]" started-at="2024-09-09T11:55:47 IST" name="verifyUserProfileTest" finished-at="2024-09-09T11:55:55 IST" duration-ms="7349" status="PASS">
          <reporter-output>
          </reporter-output>
        </test-method> <!-- verifyUserProfileTest -->
        <test-method is-config="true" signature="closeBrowser(org.testng.ITestResult)[pri:0, instance:testscripts.UserProfilePageTest@4e31276e]" started-at="2024-09-09T11:55:55 IST" name="closeBrowser" finished-at="2024-09-09T11:55:55 IST" duration-ms="207" status="PASS">
          <params>
            <param index="0">
              <value>
                <![CDATA[[TestResult name=verifyUserProfileTest status=SUCCESS method=UserProfilePageTest.verifyUserProfileTest()[pri:0, instance:testscripts.UserProfilePageTest@4e31276e] output={null}]]]>
              </value>
            </param>
          </params>
          <reporter-output>
          </reporter-output>
        </test-method> <!-- closeBrowser -->
      </class> <!-- testscripts.UserProfilePageTest -->
      <class name="testscripts.AddUserPageTest">
        <test-method is-config="true" signature="browserLaunch()[pri:0, instance:testscripts.AddUserPageTest@df6620a]" started-at="2024-09-09T11:54:57 IST" name="browserLaunch" finished-at="2024-09-09T11:55:03 IST" duration-ms="6207" status="PASS">
          <reporter-output>
          </reporter-output>
        </test-method> <!-- browserLaunch -->
        <test-method signature="verifyLoginWithNewlyAddedUser()[pri:0, instance:testscripts.AddUserPageTest@df6620a]" started-at="2024-09-09T11:55:03 IST" name="verifyLoginWithNewlyAddedUser" finished-at="2024-09-09T11:55:19 IST" duration-ms="15493" status="PASS">
          <reporter-output>
          </reporter-output>
        </test-method> <!-- verifyLoginWithNewlyAddedUser -->
        <test-method is-config="true" signature="closeBrowser(org.testng.ITestResult)[pri:0, instance:testscripts.AddUserPageTest@df6620a]" started-at="2024-09-09T11:55:19 IST" name="closeBrowser" finished-at="2024-09-09T11:55:19 IST" duration-ms="182" status="PASS">
          <params>
            <param index="0">
              <value>
                <![CDATA[[TestResult name=verifyLoginWithNewlyAddedUser status=SUCCESS method=AddUserPageTest.verifyLoginWithNewlyAddedUser()[pri:0, instance:testscripts.AddUserPageTest@df6620a] output={null}]]]>
              </value>
            </param>
          </params>
          <reporter-output>
          </reporter-output>
        </test-method> <!-- closeBrowser -->
        <test-method is-config="true" signature="browserLaunch()[pri:0, instance:testscripts.AddUserPageTest@df6620a]" started-at="2024-09-09T11:55:19 IST" name="browserLaunch" finished-at="2024-09-09T11:55:30 IST" duration-ms="11157" status="PASS">
          <reporter-output>
          </reporter-output>
        </test-method> <!-- browserLaunch -->
        <test-method signature="verifyUserCreation()[pri:0, instance:testscripts.AddUserPageTest@df6620a]" started-at="2024-09-09T11:55:30 IST" name="verifyUserCreation" finished-at="2024-09-09T11:55:41 IST" duration-ms="10676" status="PASS">
          <reporter-output>
          </reporter-output>
        </test-method> <!-- verifyUserCreation -->
        <test-method is-config="true" signature="closeBrowser(org.testng.ITestResult)[pri:0, instance:testscripts.AddUserPageTest@df6620a]" started-at="2024-09-09T11:55:41 IST" name="closeBrowser" finished-at="2024-09-09T11:55:41 IST" duration-ms="193" status="PASS">
          <params>
            <param index="0">
              <value>
                <![CDATA[[TestResult name=verifyUserCreation status=SUCCESS method=AddUserPageTest.verifyUserCreation()[pri:0, instance:testscripts.AddUserPageTest@df6620a] output={null}]]]>
              </value>
            </param>
          </params>
          <reporter-output>
          </reporter-output>
        </test-method> <!-- closeBrowser -->
      </class> <!-- testscripts.AddUserPageTest -->
    </test> <!-- UserTest -->
  </suite> <!-- Suite -->
</testng-results>
